2025-05-21 19:24:49.381 [main] INFO  com.example.Main - Aplicación iniciada
2025-05-21 19:25:12.595 [main] INFO  com.example.Main - Categoría creada: Perifericos
2025-05-21 19:26:01.593 [main] INFO  com.example.Main - Aplicación finalizada.
2025-05-21 19:26:22.644 [main] INFO  com.example.Main - Aplicación iniciada
2025-05-21 19:29:56.313 [main] INFO  com.example.Main - Aplicación iniciada
2025-05-21 19:49:31.413 [main] INFO  com.example.Main - Aplicación iniciada
2025-05-21 19:50:06.831 [main] INFO  com.example.dao.ProductoDAOImpl - Intentando crear producto: Dualshock ps4
2025-05-21 19:50:06.873 [main] INFO  com.example.dao.ProductoDAOImpl - Producto creado con ID: 5
2025-05-21 19:50:06.873 [main] INFO  com.example.Main - Producto creado: ID 5, Nombre Dualshock ps4
2025-05-21 19:50:55.844 [main] INFO  com.example.dao.ProductoDAOImpl - Intentando actualizar producto con ID: 4
2025-05-21 19:50:55.849 [main] INFO  com.example.dao.ProductoDAOImpl - Producto actualizado con ID: 4
2025-05-21 19:50:55.849 [main] INFO  com.example.Main - Producto actualizado ID: 4
2025-05-21 19:51:36.863 [main] INFO  com.example.dao.ProductoDAOImpl - Intentando actualizar producto con ID: 4
2025-05-21 19:51:36.906 [main] INFO  com.example.dao.ProductoDAOImpl - Producto actualizado con ID: 4
2025-05-21 19:51:36.906 [main] INFO  com.example.Main - Producto actualizado ID: 4
2025-05-21 19:52:42.897 [main] INFO  com.example.Main - Aplicación finalizada.
2025-05-21 21:43:53.994 [main] INFO  com.example.dao.ProductoDAOImpl - Intentando crear producto: 0
2025-05-21 21:43:54.019 [main] INFO  com.example.dao.ProductoDAOImpl - Producto creado con ID: 6
2025-05-21 21:54:42.008 [main] INFO  com.example.Main - Aplicación iniciada
2025-05-21 21:54:56.421 [main] INFO  com.example.Main - Categoría creada ID: 4
2025-05-21 22:14:49.638 [main] INFO  com.example.Main - Aplicación iniciada
2025-05-21 22:15:23.949 [main] INFO  com.example.dao.ProductoDAOImpl - Intentando crear producto: Samsung galaxy A71
2025-05-21 22:15:23.960 [main] INFO  com.example.dao.ProductoDAOImpl - Producto creado con ID: 7
2025-05-21 22:15:23.960 [main] INFO  com.example.Main - Producto creado con ID: 7
2025-05-21 22:15:47.948 [main] WARN  com.example.Main - Producto eliminado: 0
2025-05-21 22:15:47.948 [main] WARN  com.example.dao.ProductoDAOImpl - Intentando eliminar producto con ID: 6
2025-05-21 22:15:47.954 [main] INFO  com.example.dao.ProductoDAOImpl - Producto eliminado con ID: 6
2025-05-21 22:16:12.962 [main] INFO  com.example.Main - Aplicación finalizada por el usuario.
2025-05-21 22:27:55.950 [main] INFO  com.example.Main - Aplicación iniciada.
2025-05-21 22:28:01.338 [main] INFO  com.example.Main - Aplicación finalizada por el usuario.
2025-05-22 15:53:35.924 [main] INFO  com.example.Main - Aplicación iniciada.
2025-05-22 15:54:01.260 [main] INFO  com.example.Main - Aplicación finalizada por el usuario.
2025-05-27 12:50:17.257 [main] INFO  com.example.Main - Aplicación iniciada.
2025-05-27 12:52:05.285 [main] INFO  com.example.Main - Aplicación iniciada.
2025-05-27 12:53:00.688 [main] INFO  com.example.Main - Aplicación finalizada por el usuario.
2025-05-27 12:53:52.079 [main] ERROR com.example.Main - Error general en menú principal
java.util.NoSuchElementException: No line found
	at java.util.Scanner.nextLine(Scanner.java:1651) ~[?:?]
	at com.example.Main.menuProductos(Main.java:59) ~[main/:?]
	at com.example.Main.main(Main.java:34) [main/:?]
